<?xml version="1.0" encoding="UTF-8"?>
<Site BuildName="(empty)"
	BuildStamp="20231108-0902-Experimental"
	Name="(empty)"
	Generator="ctest-3.27.7"
	CompilerName=""
	CompilerVersion=""
	OSName="Linux"
	Hostname="archlinux"
	OSRelease="6.1.60-1-lts"
	OSVersion="#1 SMP PREEMPT_DYNAMIC Wed, 25 Oct 2023 11:10:15 +0000"
	OSPlatform="x86_64"
	Is64Bits="1"
	VendorString="AuthenticAMD"
	VendorID="Advanced Micro Devices"
	FamilyID="25"
	ModelID="116"
	ProcessorCacheSize="1024"
	NumberOfLogicalCPU="16"
	NumberOfPhysicalCPU="8"
	TotalVirtualMemory="8191"
	TotalPhysicalMemory="27749"
	LogicalProcessorsPerPhysical="2"
	ProcessorClockFrequency="4632.19"
	>
	<Testing>
		<StartDateTime>Nov 08 17:03 CST</StartDateTime>
		<StartTestTime>1699434193</StartTestTime>
		<TestList/>
		<EndDateTime>Nov 08 17:03 CST</EndDateTime>
		<EndTestTime>1699434193</EndTestTime>
		<ElapsedMinutes>0</ElapsedMinutes>
	</Testing>
</Site>
